# JRE version: OpenJDK Runtime Environment Microsoft-25199 (11.0.12+7) (build 11.0.12+7)
# Java VM: OpenJDK 64-Bit Server VM Microsoft-25199 (11.0.12+7, mixed mode, tiered, compressed oops, g1 gc, windows-amd64)
Heap:
 garbage-first heap   total 571392K, used 418948K [0x00000000c0000000, 0x0000000100000000)
  region size 1024K, 187 young (191488K), 7 survivors (7168K)
 Metaspace       used 25050K, capacity 25875K, committed 25984K, reserved 1073152K
  class space    used 2787K, capacity 3145K, committed 3200K, reserved 1048576K
GC Heap History (20 events):
Event: 3.834 GC heap before
{Heap before GC invocations=15 (full 0):
 garbage-first heap   total 445440K, used 282805K [0x00000000c0000000, 0x0000000100000000)
  region size 1024K, 148 young (151552K), 18 survivors (18432K)
 Metaspace       used 16600K, capacity 16953K, committed 17024K, reserved 1064960K
  class space    used 1715K, capacity 1863K, committed 1920K, reserved 1048576K
}
Event: 3.884 GC heap after
{Heap after GC invocations=16 (full 0):
 garbage-first heap   total 445440K, used 174790K [0x00000000c0000000, 0x0000000100000000)
  region size 1024K, 19 young (19456K), 19 survivors (19456K)
 Metaspace       used 16600K, capacity 16953K, committed 17024K, reserved 1064960K
  class space    used 1715K, capacity 1863K, committed 1920K, reserved 1048576K
}
Event: 4.122 GC heap before
{Heap before GC invocations=16 (full 0):
 garbage-first heap   total 445440K, used 303814K [0x00000000c0000000, 0x0000000100000000)
  region size 1024K, 145 young (148480K), 19 survivors (19456K)
 Metaspace       used 16620K, capacity 16953K, committed 17024K, reserved 1064960K
  class space    used 1717K, capacity 1863K, committed 1920K, reserved 1048576K
}
Event: 4.170 GC heap after
{Heap after GC invocations=17 (full 0):
 garbage-first heap   total 571392K, used 201216K [0x00000000c0000000, 0x0000000100000000)
  region size 1024K, 19 young (19456K), 19 survivors (19456K)
 Metaspace       used 16620K, capacity 16953K, committed 17024K, reserved 1064960K
  class space    used 1717K, capacity 1863K, committed 1920K, reserved 1048576K
}
Event: 4.485 GC heap before
{Heap before GC invocations=17 (full 0):
 garbage-first heap   total 571392K, used 360960K [0x00000000c0000000, 0x0000000100000000)
  region size 1024K, 175 young (179200K), 19 survivors (19456K)
 Metaspace       used 16620K, capacity 16953K, committed 17024K, reserved 1064960K
  class space    used 1717K, capacity 1863K, committed 1920K, reserved 1048576K
}
Event: 4.565 GC heap after
{Heap after GC invocations=18 (full 0):
 garbage-first heap   total 571392K, used 231424K [0x00000000c0000000, 0x0000000100000000)
  region size 1024K, 22 young (22528K), 22 survivors (22528K)
 Metaspace       used 16620K, capacity 16953K, committed 17024K, reserved 1064960K
  class space    used 1717K, capacity 1863K, committed 1920K, reserved 1048576K
}
Event: 5.925 GC heap before
{Heap before GC invocations=18 (full 0):
 garbage-first heap   total 571392K, used 397312K [0x00000000c0000000, 0x0000000100000000)
  region size 1024K, 184 young (188416K), 22 survivors (22528K)
 Metaspace       used 22916K, capacity 23713K, committed 23808K, reserved 1071104K
  class space    used 2671K, capacity 3004K, committed 3072K, reserved 1048576K
}
Event: 5.974 GC heap after
{Heap after GC invocations=19 (full 0):
 garbage-first heap   total 571392K, used 253440K [0x00000000c0000000, 0x0000000100000000)
  region size 1024K, 20 young (20480K), 20 survivors (20480K)
 Metaspace       used 22916K, capacity 23713K, committed 23808K, reserved 1071104K
  class space    used 2671K, capacity 3004K, committed 3072K, reserved 1048576K
}
Event: 6.049 GC heap before
{Heap before GC invocations=19 (full 0):
 garbage-first heap   total 571392K, used 264704K [0x00000000c0000000, 0x0000000100000000)
  region size 1024K, 32 young (32768K), 20 survivors (20480K)
 Metaspace       used 22996K, capacity 23719K, committed 23808K, reserved 1071104K
  class space    used 2674K, capacity 3004K, committed 3072K, reserved 1048576K
}
Event: 6.073 GC heap after
{Heap after GC invocations=20 (full 0):
 garbage-first heap   total 571392K, used 255921K [0x00000000c0000000, 0x0000000100000000)
  region size 1024K, 3 young (3072K), 3 survivors (3072K)
 Metaspace       used 22996K, capacity 23719K, committed 23808K, reserved 1071104K
  class space    used 2674K, capacity 3004K, committed 3072K, reserved 1048576K
}
Event: 7.909 GC heap before
{Heap before GC invocations=21 (full 0):
 garbage-first heap   total 571392K, used 418737K [0x00000000c0000000, 0x0000000100000000)
  region size 1024K, 163 young (166912K), 3 survivors (3072K)
 Metaspace       used 23876K, capacity 24655K, committed 24832K, reserved 1071104K
  class space    used 2706K, capacity 3054K, committed 3072K, reserved 1048576K
}
Event: 7.917 GC heap after
{Heap after GC invocations=22 (full 0):
 garbage-first heap   total 571392K, used 254196K [0x00000000c0000000, 0x0000000100000000)
  region size 1024K, 3 young (3072K), 3 survivors (3072K)
 Metaspace       used 23876K, capacity 24655K, committed 24832K, reserved 1071104K
  class space    used 2706K, capacity 3054K, committed 3072K, reserved 1048576K
}
Event: 8.001 GC heap before
{Heap before GC invocations=22 (full 0):
 garbage-first heap   total 571392K, used 278772K [0x00000000c0000000, 0x0000000100000000)
  region size 1024K, 27 young (27648K), 3 survivors (3072K)
 Metaspace       used 23930K, capacity 24726K, committed 24832K, reserved 1071104K
  class space    used 2718K, capacity 3056K, committed 3072K, reserved 1048576K
}
Event: 8.011 GC heap after
{Heap after GC invocations=23 (full 0):
 garbage-first heap   total 571392K, used 230892K [0x00000000c0000000, 0x0000000100000000)
  region size 1024K, 3 young (3072K), 3 survivors (3072K)
 Metaspace       used 23930K, capacity 24726K, committed 24832K, reserved 1071104K
  class space    used 2718K, capacity 3056K, committed 3072K, reserved 1048576K
}
Event: 8.738 GC heap before
{Heap before GC invocations=23 (full 0):
 garbage-first heap   total 571392K, used 415212K [0x00000000c0000000, 0x0000000100000000)
  region size 1024K, 183 young (187392K), 3 survivors (3072K)
 Metaspace       used 24487K, capacity 25278K, committed 25472K, reserved 1071104K
  class space    used 2757K, capacity 3106K, committed 3200K, reserved 1048576K
}
Event: 8.746 GC heap after
{Heap after GC invocations=24 (full 0):
 garbage-first heap   total 571392K, used 232288K [0x00000000c0000000, 0x0000000100000000)
  region size 1024K, 4 young (4096K), 4 survivors (4096K)
 Metaspace       used 24487K, capacity 25278K, committed 25472K, reserved 1071104K
  class space    used 2757K, capacity 3106K, committed 3200K, reserved 1048576K
}
Event: 10.006 GC heap before
{Heap before GC invocations=24 (full 0):
 garbage-first heap   total 571392K, used 454496K [0x00000000c0000000, 0x0000000100000000)
  region size 1024K, 221 young (226304K), 4 survivors (4096K)
 Metaspace       used 24928K, capacity 25713K, committed 25984K, reserved 1073152K
  class space    used 2782K, capacity 3136K, committed 3200K, reserved 1048576K
}
Event: 10.018 GC heap after
{Heap after GC invocations=25 (full 0):
 garbage-first heap   total 571392K, used 233950K [0x00000000c0000000, 0x0000000100000000)
  region size 1024K, 6 young (6144K), 6 survivors (6144K)
 Metaspace       used 24928K, capacity 25713K, committed 25984K, reserved 1073152K
  class space    used 2782K, capacity 3136K, committed 3200K, reserved 1048576K
}
Event: 10.670 GC heap before
{Heap before GC invocations=25 (full 0):
 garbage-first heap   total 571392K, used 459230K [0x00000000c0000000, 0x0000000100000000)
  region size 1024K, 226 young (231424K), 6 survivors (6144K)
 Metaspace       used 24993K, capacity 25855K, committed 25984K, reserved 1073152K
  class space    used 2784K, capacity 3139K, committed 3200K, reserved 1048576K
}
Event: 10.682 GC heap after
{Heap after GC invocations=26 (full 0):
 garbage-first heap   total 571392K, used 235652K [0x00000000c0000000, 0x0000000100000000)
  region size 1024K, 7 young (7168K), 7 survivors (7168K)
 Metaspace       used 24993K, capacity 25855K, committed 25984K, reserved 1073152K
  class space    used 2784K, capacity 3139K, committed 3200K, reserved 1048576K
}

